<html>
<body>
<pre>
<h1>Vision Build Log</h1>
<h2>Project:</h2>
F:\SZP\项目\单灯控制器\程序软件\BootLoader\MDK-ARM\BootLoader.uvproj
Project File Date:  09/17/2018

<h2>Output:</h2>
Build target 'BootLoader'
compiling main.c...
compiling common.c...
compiling stm32f10x_it.c...
compiling core_cm3.c...
assembling startup_stm32f10x_hd.s...
compiling system_stm32f10x.c...
compiling delay.c...
..\SYSTEM\delay\delay.c(6): error:  #5: cannot open source input file "FreeRTOS.h": No such file or directory
compiling sys.c...
compiling iic1.c...
compiling usart.c...
compiling 24cxx.c...
..\DEVICEDRIVER\24cxx\24cxx.c(16): error:  #20: identifier "xSchedulerRunning" is undefined
..\DEVICEDRIVER\24cxx\24cxx.c(18): warning:  #223-D: function "xSemaphoreTake" declared implicitly
..\DEVICEDRIVER\24cxx\24cxx.c(18): error:  #20: identifier "xMutex_IIC1" is undefined
..\DEVICEDRIVER\24cxx\24cxx.c(18): error:  #20: identifier "portMAX_DELAY" is undefined
..\DEVICEDRIVER\24cxx\24cxx.c(40): warning:  #223-D: function "xSemaphoreGive" declared implicitly
..\DEVICEDRIVER\24cxx\24cxx.c(40): error:  #20: identifier "xMutex_IIC1" is undefined
..\DEVICEDRIVER\24cxx\24cxx.c(53): error:  #20: identifier "xSchedulerRunning" is undefined
..\DEVICEDRIVER\24cxx\24cxx.c(55): warning:  #223-D: function "xSemaphoreTake" declared implicitly
..\DEVICEDRIVER\24cxx\24cxx.c(55): error:  #20: identifier "xMutex_IIC1" is undefined
..\DEVICEDRIVER\24cxx\24cxx.c(55): error:  #20: identifier "portMAX_DELAY" is undefined
..\DEVICEDRIVER\24cxx\24cxx.c(81): warning:  #223-D: function "xSemaphoreGive" declared implicitly
..\DEVICEDRIVER\24cxx\24cxx.c(81): error:  #20: identifier "xMutex_IIC1" is undefined
compiling bg96.c...
..\DEVICEDRIVER\bg96\bg96.c(220): error:  #20: identifier "Operators" is undefined
compiling led.c...
compiling misc.c...
compiling stm32f10x_adc.c...
compiling stm32f10x_bkp.c...
compiling stm32f10x_can.c...
compiling stm32f10x_cec.c...
compiling stm32f10x_crc.c...
compiling stm32f10x_dac.c...
compiling stm32f10x_dbgmcu.c...
compiling stm32f10x_dma.c...
compiling stm32f10x_exti.c...
compiling stm32f10x_flash.c...
compiling stm32f10x_fsmc.c...
compiling stm32f10x_gpio.c...
compiling stm32f10x_i2c.c...
compiling stm32f10x_iwdg.c...
compiling stm32f10x_pwr.c...
compiling stm32f10x_rcc.c...
compiling stm32f10x_rtc.c...
compiling stm32f10x_sdio.c...
compiling stm32f10x_spi.c...
compiling stm32f10x_tim.c...
compiling stm32f10x_usart.c...
compiling stm32f10x_wwdg.c...
compiling malloc.c...
..\MALLOC\malloc.c(2): error:  #5: cannot open source input file "FreeRTOS.h": No such file or directory
compiling ringbuf.c...
..\NET\ringbuf.c(2): error:  #5: cannot open source input file "FreeRTOS.h": No such file or directory
compiling tcp.c...
..\NET\tcp.c(3): error:  #5: cannot open source input file "FreeRTOS.h": No such file or directory
"..\OUTPUT\Obj\BootLoader.axf" - 13 Errors, 4 Warning(s).
Target not created
Build target 'BootLoader'
compiling main.c...
compiling common.c...
compiling stm32f10x_it.c...
compiling core_cm3.c...
assembling startup_stm32f10x_hd.s...
compiling system_stm32f10x.c...
compiling delay.c...
compiling sys.c...
compiling iic1.c...
compiling usart.c...
compiling 24cxx.c...
..\DEVICEDRIVER\24cxx\24cxx.c(16): error:  #20: identifier "xSchedulerRunning" is undefined
..\DEVICEDRIVER\24cxx\24cxx.c(18): warning:  #223-D: function "xSemaphoreTake" declared implicitly
..\DEVICEDRIVER\24cxx\24cxx.c(18): error:  #20: identifier "xMutex_IIC1" is undefined
..\DEVICEDRIVER\24cxx\24cxx.c(18): error:  #20: identifier "portMAX_DELAY" is undefined
..\DEVICEDRIVER\24cxx\24cxx.c(40): warning:  #223-D: function "xSemaphoreGive" declared implicitly
..\DEVICEDRIVER\24cxx\24cxx.c(40): error:  #20: identifier "xMutex_IIC1" is undefined
..\DEVICEDRIVER\24cxx\24cxx.c(53): error:  #20: identifier "xSchedulerRunning" is undefined
..\DEVICEDRIVER\24cxx\24cxx.c(55): warning:  #223-D: function "xSemaphoreTake" declared implicitly
..\DEVICEDRIVER\24cxx\24cxx.c(55): error:  #20: identifier "xMutex_IIC1" is undefined
..\DEVICEDRIVER\24cxx\24cxx.c(55): error:  #20: identifier "portMAX_DELAY" is undefined
..\DEVICEDRIVER\24cxx\24cxx.c(81): warning:  #223-D: function "xSemaphoreGive" declared implicitly
..\DEVICEDRIVER\24cxx\24cxx.c(81): error:  #20: identifier "xMutex_IIC1" is undefined
compiling bg96.c...
..\DEVICEDRIVER\bg96\bg96.c(220): error:  #20: identifier "Operators" is undefined
compiling led.c...
compiling misc.c...
compiling stm32f10x_adc.c...
compiling stm32f10x_bkp.c...
compiling stm32f10x_can.c...
compiling stm32f10x_cec.c...
compiling stm32f10x_crc.c...
compiling stm32f10x_dac.c...
compiling stm32f10x_dbgmcu.c...
compiling stm32f10x_dma.c...
compiling stm32f10x_exti.c...
compiling stm32f10x_flash.c...
compiling stm32f10x_fsmc.c...
compiling stm32f10x_gpio.c...
compiling stm32f10x_i2c.c...
compiling stm32f10x_iwdg.c...
compiling stm32f10x_pwr.c...
compiling stm32f10x_rcc.c...
compiling stm32f10x_rtc.c...
compiling stm32f10x_sdio.c...
compiling stm32f10x_spi.c...
compiling stm32f10x_tim.c...
compiling stm32f10x_usart.c...
compiling stm32f10x_wwdg.c...
compiling malloc.c...
..\MALLOC\malloc.c(2): error:  #5: cannot open source input file "FreeRTOS.h": No such file or directory
compiling ringbuf.c...
..\NET\ringbuf.c(2): error:  #5: cannot open source input file "FreeRTOS.h": No such file or directory
compiling tcp.c...
..\NET\tcp.c(3): error:  #5: cannot open source input file "FreeRTOS.h": No such file or directory
"..\OUTPUT\Obj\BootLoader.axf" - 12 Errors, 4 Warning(s).
Target not created
Build target 'BootLoader'
compiling delay.c...
compiling 24cxx.c...
compiling bg96.c...
..\DEVICEDRIVER\bg96\bg96.c(220): error:  #20: identifier "Operators" is undefined
compiling malloc.c...
..\MALLOC\malloc.c(2): error:  #5: cannot open source input file "FreeRTOS.h": No such file or directory
compiling ringbuf.c...
..\NET\ringbuf.c(2): error:  #5: cannot open source input file "FreeRTOS.h": No such file or directory
compiling tcp.c...
..\NET\tcp.c(3): error:  #5: cannot open source input file "FreeRTOS.h": No such file or directory
"..\OUTPUT\Obj\BootLoader.axf" - 4 Errors, 0 Warning(s).
Target not created
Build target 'BootLoader'
compiling main.c...
compiling common.c...
compiling delay.c...
compiling usart.c...
compiling 24cxx.c...
compiling bg96.c...
compiling malloc.c...
..\MALLOC\malloc.c(2): error:  #5: cannot open source input file "FreeRTOS.h": No such file or directory
compiling ringbuf.c...
..\NET\ringbuf.c(2): error:  #5: cannot open source input file "FreeRTOS.h": No such file or directory
compiling tcp.c...
..\NET\tcp.c(3): error:  #5: cannot open source input file "FreeRTOS.h": No such file or directory
"..\OUTPUT\Obj\BootLoader.axf" - 3 Errors, 0 Warning(s).
Target not created
Build target 'BootLoader'
compiling usart.c...
compiling bg96.c...
compiling malloc.c...
..\MALLOC\malloc.c(2): error:  #5: cannot open source input file "FreeRTOS.h": No such file or directory
compiling ringbuf.c...
compiling tcp.c...
..\NET\tcp.c(3): error:  #5: cannot open source input file "FreeRTOS.h": No such file or directory
"..\OUTPUT\Obj\BootLoader.axf" - 2 Errors, 0 Warning(s).
Target not created
Build target 'BootLoader'
compiling malloc.c...
..\MALLOC\malloc.c(2): error:  #5: cannot open source input file "FreeRTOS.h": No such file or directory
compiling ringbuf.c...
compiling tcp.c...
"..\OUTPUT\Obj\BootLoader.axf" - 1 Errors, 0 Warning(s).
Target not created
Build target 'BootLoader'
compiling malloc.c...
..\MALLOC\malloc.c(2): error:  #5: cannot open source input file "task.h": No such file or directory
compiling tcp.c...
"..\OUTPUT\Obj\BootLoader.axf" - 1 Errors, 0 Warning(s).
Target not created
Build target 'BootLoader'
compiling malloc.c...
linking...
..\OUTPUT\Obj\BootLoader.axf: Error: L6406E: No space in execution regions with .ANY selector matching malloc.o(.bss).
..\OUTPUT\Obj\BootLoader.axf: Error: L6407E: Sections of aggregate size 0x6600 bytes could not fit into .ANY selector(s).
"..\OUTPUT\Obj\BootLoader.axf" - 2 Errors, 0 Warning(s).
Target not created
Build target 'BootLoader'
compiling malloc.c...
linking...
..\OUTPUT\Obj\BootLoader.axf: Error: L6406E: No space in execution regions with .ANY selector matching malloc.o(.bss).
..\OUTPUT\Obj\BootLoader.axf: Error: L6407E: Sections of aggregate size 0x6600 bytes could not fit into .ANY selector(s).
"..\OUTPUT\Obj\BootLoader.axf" - 2 Errors, 0 Warning(s).
Target not created
Build target 'BootLoader'
linking...
Program Size: Code=4748 RO-data=336 RW-data=2220 ZI-data=34164  
FromELF: creating hex file...
"..\OUTPUT\Obj\BootLoader.axf" - 0 Errors, 0 Warning(s).
Build target 'BootLoader'
linking...
Program Size: Code=4748 RO-data=336 RW-data=2220 ZI-data=34164  
FromELF: creating hex file...
"..\OUTPUT\Obj\BootLoader.axf" - 0 Errors, 0 Warning(s).
Rebuild target 'BootLoader'
compiling main.c...
compiling common.c...
compiling stm32f10x_it.c...
compiling core_cm3.c...
assembling startup_stm32f10x_hd.s...
compiling system_stm32f10x.c...
compiling delay.c...
compiling sys.c...
compiling iic1.c...
compiling usart.c...
compiling 24cxx.c...
compiling bg96.c...
compiling led.c...
compiling misc.c...
compiling stm32f10x_adc.c...
compiling stm32f10x_bkp.c...
compiling stm32f10x_can.c...
compiling stm32f10x_cec.c...
compiling stm32f10x_crc.c...
compiling stm32f10x_dac.c...
compiling stm32f10x_dbgmcu.c...
compiling stm32f10x_dma.c...
compiling stm32f10x_exti.c...
compiling stm32f10x_flash.c...
compiling stm32f10x_fsmc.c...
compiling stm32f10x_gpio.c...
compiling stm32f10x_i2c.c...
compiling stm32f10x_iwdg.c...
compiling stm32f10x_pwr.c...
compiling stm32f10x_rcc.c...
compiling stm32f10x_rtc.c...
compiling stm32f10x_sdio.c...
compiling stm32f10x_spi.c...
compiling stm32f10x_tim.c...
compiling stm32f10x_usart.c...
compiling stm32f10x_wwdg.c...
compiling malloc.c...
compiling ringbuf.c...
compiling tcp.c...
linking...
Program Size: Code=4748 RO-data=336 RW-data=2220 ZI-data=34164  
FromELF: creating hex file...
"..\OUTPUT\Obj\BootLoader.axf" - 0 Errors, 0 Warning(s).
Build target 'BootLoader'
linking...
Program Size: Code=4748 RO-data=336 RW-data=2220 ZI-data=34164  
FromELF: creating hex file...
"..\OUTPUT\Obj\BootLoader.axf" - 0 Errors, 0 Warning(s).
Rebuild target 'BootLoader'
compiling main.c...
compiling common.c...
compiling stm32f10x_it.c...
compiling core_cm3.c...
assembling startup_stm32f10x_hd.s...
compiling system_stm32f10x.c...
compiling delay.c...
compiling sys.c...
compiling iic1.c...
compiling usart.c...
compiling 24cxx.c...
compiling bg96.c...
compiling led.c...
compiling misc.c...
compiling stm32f10x_adc.c...
compiling stm32f10x_bkp.c...
compiling stm32f10x_can.c...
compiling stm32f10x_cec.c...
compiling stm32f10x_crc.c...
compiling stm32f10x_dac.c...
compiling stm32f10x_dbgmcu.c...
compiling stm32f10x_dma.c...
compiling stm32f10x_exti.c...
compiling stm32f10x_flash.c...
compiling stm32f10x_fsmc.c...
compiling stm32f10x_gpio.c...
compiling stm32f10x_i2c.c...
compiling stm32f10x_iwdg.c...
compiling stm32f10x_pwr.c...
compiling stm32f10x_rcc.c...
compiling stm32f10x_rtc.c...
compiling stm32f10x_sdio.c...
compiling stm32f10x_spi.c...
compiling stm32f10x_tim.c...
compiling stm32f10x_usart.c...
compiling stm32f10x_wwdg.c...
compiling malloc.c...
compiling ringbuf.c...
compiling tcp.c...
linking...
Program Size: Code=4748 RO-data=336 RW-data=2220 ZI-data=34164  
FromELF: creating hex file...
"..\OUTPUT\Obj\BootLoader.axf" - 0 Errors, 0 Warning(s).
Build target 'BootLoader'
compiling usart.c...
linking...
..\OUTPUT\Obj\BootLoader.axf: Error: L6218E: Undefined symbol OldUsart4RxCnt (referred from usart.o).
..\OUTPUT\Obj\BootLoader.axf: Error: L6218E: Undefined symbol Usart4Busy (referred from usart.o).
..\OUTPUT\Obj\BootLoader.axf: Error: L6218E: Undefined symbol Usart4FrameLen (referred from usart.o).
..\OUTPUT\Obj\BootLoader.axf: Error: L6218E: Undefined symbol Usart4RecvEnd (referred from usart.o).
..\OUTPUT\Obj\BootLoader.axf: Error: L6218E: Undefined symbol Usart4RxBuf (referred from usart.o).
..\OUTPUT\Obj\BootLoader.axf: Error: L6218E: Undefined symbol Usart4RxCnt (referred from usart.o).
..\OUTPUT\Obj\BootLoader.axf: Error: L6218E: Undefined symbol Usart4SendLen (referred from usart.o).
..\OUTPUT\Obj\BootLoader.axf: Error: L6218E: Undefined symbol Usart4SendNum (referred from usart.o).
..\OUTPUT\Obj\BootLoader.axf: Error: L6218E: Undefined symbol Usart4TxBuf (referred from usart.o).
"..\OUTPUT\Obj\BootLoader.axf" - 9 Errors, 0 Warning(s).
Target not created
Build target 'BootLoader'
compiling usart.c...
linking...
..\OUTPUT\Obj\BootLoader.axf: Error: L6218E: Undefined symbol Usart4SendLen (referred from bg96.o).
..\OUTPUT\Obj\BootLoader.axf: Error: L6218E: Undefined symbol Usart4TxBuf (referred from bg96.o).
"..\OUTPUT\Obj\BootLoader.axf" - 2 Errors, 0 Warning(s).
Target not created
Build target 'BootLoader'
compiling main.c...
compiling usart.c...
compiling bg96.c...
..\DEVICEDRIVER\bg96\bg96.c(393): error:  #20: identifier "Usart4TxBuf" is undefined
..\DEVICEDRIVER\bg96\bg96.c(394): error:  #20: identifier "Usart4SendLen" is undefined
compiling tcp.c...
"..\OUTPUT\Obj\BootLoader.axf" - 2 Errors, 0 Warning(s).
Target not created
Build target 'BootLoader'
compiling bg96.c...
linking...
Program Size: Code=4388 RO-data=336 RW-data=2208 ZI-data=33912  
FromELF: creating hex file...
"..\OUTPUT\Obj\BootLoader.axf" - 0 Errors, 0 Warning(s).
